usage: jupyter [-h] [--version] [--config-dir] [--data-dir] [--runtime-dir]
               [--paths] [--json] [--debug]
               [subcommand]

Jupyter: Interactive Computing

positional arguments:
  subcommand     the subcommand to launch

options:
  -h, --help     show this help message and exit
  --version      show the versions of core jupyter packages and exit
  --config-dir   show Jupyter config dir
  --data-dir     show Jupyter data dir
  --runtime-dir  show Jupyter runtime dir
  --paths        show all Jupyter paths. Add --json for machine-readable
                 format.
  --json         output paths as machine-readable json
  --debug        output debug information about paths

Available subcommands: kernel kernelspec migrate run troubleshoot

Jupyter command `jupyter-notebook` not found.
usage: jupyter [-h] [--version] [--config-dir] [--data-dir] [--runtime-dir]
               [--paths] [--json] [--debug]
               [subcommand]

Jupyter: Interactive Computing

positional arguments:
  subcommand     the subcommand to launch

options:
  -h, --help     show this help message and exit
  --version      show the versions of core jupyter packages and exit
  --config-dir   show Jupyter config dir
  --data-dir     show Jupyter data dir
  --runtime-dir  show Jupyter runtime dir
  --paths        show all Jupyter paths. Add --json for machine-readable
                 format.
  --json         output paths as machine-readable json
  --debug        output debug information about paths

Available subcommands: kernel kernelspec migrate run troubleshoot

Jupyter command `jupyter-notebook` not found.
[I 2025-12-24 18:54:56.104 ServerApp] Extension package panel.io.jupyter_server_extension took 0.7013s to import
[I 2025-12-24 18:54:56.105 ServerApp] jupyter_lsp | extension was successfully linked.
[I 2025-12-24 18:54:56.108 ServerApp] jupyter_server_terminals | extension was successfully linked.
[I 2025-12-24 18:54:56.111 ServerApp] jupyterlab | extension was successfully linked.
[I 2025-12-24 18:54:56.114 ServerApp] notebook | extension was successfully linked.
[I 2025-12-24 18:54:56.368 ServerApp] notebook_shim | extension was successfully linked.
[I 2025-12-24 18:54:56.368 ServerApp] panel.io.jupyter_server_extension | extension was successfully linked.
[I 2025-12-24 18:54:57.647 ServerApp] nb_conda_kernels | enabled, 4 kernels found.
[I 2025-12-24 18:54:57.660 ServerApp] notebook_shim | extension was successfully loaded.
[I 2025-12-24 18:54:57.662 ServerApp] jupyter_lsp | extension was successfully loaded.
[I 2025-12-24 18:54:57.662 ServerApp] jupyter_server_terminals | extension was successfully loaded.
[I 2025-12-24 18:54:57.664 LabApp] JupyterLab extension loaded from /mnt/optdata/anaconda3/lib/python3.13/site-packages/jupyterlab
[I 2025-12-24 18:54:57.664 LabApp] JupyterLab application directory is /mnt/optdata/anaconda3/share/jupyter/lab
[I 2025-12-24 18:54:57.664 LabApp] Extension Manager is 'pypi'.
[I 2025-12-24 18:54:57.687 ServerApp] jupyterlab | extension was successfully loaded.
[I 2025-12-24 18:54:57.689 ServerApp] notebook | extension was successfully loaded.
[I 2025-12-24 18:54:57.690 ServerApp] panel.io.jupyter_server_extension | extension was successfully loaded.
[I 2025-12-24 18:54:57.691 ServerApp] Serving notebooks from local directory: /home/jeking/github/pandas_numpy_matplotlib/EDA
[I 2025-12-24 18:54:57.691 ServerApp] Jupyter Server 2.17.0 is running at:
[I 2025-12-24 18:54:57.691 ServerApp] http://localhost:8888/tree?token=824b8b43b0e7ead7617ce9c05c1559da256f6bf019c6e349
[I 2025-12-24 18:54:57.691 ServerApp]     http://127.0.0.1:8888/tree?token=824b8b43b0e7ead7617ce9c05c1559da256f6bf019c6e349
[I 2025-12-24 18:54:57.691 ServerApp] Use Control-C to stop this server and shut down all kernels (twice to skip confirmation).
[C 2025-12-24 18:54:57.734 ServerApp] 
    
    To access the server, open this file in a browser:
        file:///home/jeking/.local/share/jupyter/runtime/jpserver-13560-open.html
    Or copy and paste one of these URLs:
        http://localhost:8888/tree?token=824b8b43b0e7ead7617ce9c05c1559da256f6bf019c6e349
        http://127.0.0.1:8888/tree?token=824b8b43b0e7ead7617ce9c05c1559da256f6bf019c6e349
[I 2025-12-24 18:54:57.982 ServerApp] Skipped non-installed server(s): bash-language-server, dockerfile-language-server-nodejs, javascript-typescript-langserver, jedi-language-server, julia-language-server, pyright, python-language-server, r-languageserver, sql-language-server, texlab, typescript-language-server, unified-language-server, vscode-css-languageserver-bin, vscode-html-languageserver-bin, vscode-json-languageserver-bin, yaml-language-server
[I 2025-12-24 18:55:31.302 ServerApp] Creating new notebook in 
[I 2025-12-24 18:55:31.428 ServerApp] Writing notebook-signing key to /home/jeking/.local/share/jupyter/notebook_secret
[I 2025-12-24 18:55:44.563 ServerApp] Kernel started: 9dffbe38-4840-4385-91b3-c5470dbee81a
CONDA_PREFIX=/mnt/optdata/anaconda3/envs/eda_env
[I 2025-12-24 18:55:45.697 ServerApp] Connecting to kernel 9dffbe38-4840-4385-91b3-c5470dbee81a.
[I 2025-12-24 18:55:45.700 ServerApp] Connecting to kernel 9dffbe38-4840-4385-91b3-c5470dbee81a.
[W 2025-12-24 18:55:45.702 ServerApp] The websocket_ping_timeout (90000) cannot be longer than the websocket_ping_interval (30000).
    Setting websocket_ping_timeout=30000
[I 2025-12-24 18:55:45.711 ServerApp] Connecting to kernel 9dffbe38-4840-4385-91b3-c5470dbee81a.
[I 2025-12-24 18:57:56.164 ServerApp] Saving file at /chapter1.ipynb
[I 2025-12-24 18:58:30.165 ServerApp] Connecting to kernel 9dffbe38-4840-4385-91b3-c5470dbee81a.
[I 2025-12-24 19:03:48.159 ServerApp] Creating new notebook in 
[I 2025-12-24 19:03:49.023 ServerApp] Connecting to kernel 9dffbe38-4840-4385-91b3-c5470dbee81a.
[I 2025-12-24 19:03:51.431 ServerApp] Kernel started: ed1effd4-7b52-420e-b98f-c258f55ce3f9
[I 2025-12-24 19:03:51.924 ServerApp] Connecting to kernel ed1effd4-7b52-420e-b98f-c258f55ce3f9.
[I 2025-12-24 19:03:51.927 ServerApp] Connecting to kernel ed1effd4-7b52-420e-b98f-c258f55ce3f9.
[I 2025-12-24 19:03:51.938 ServerApp] Connecting to kernel ed1effd4-7b52-420e-b98f-c258f55ce3f9.
[I 2025-12-24 19:04:38.151 ServerApp] Connecting to kernel 9dffbe38-4840-4385-91b3-c5470dbee81a.
[I 2025-12-24 19:04:38.164 ServerApp] Connecting to kernel ed1effd4-7b52-420e-b98f-c258f55ce3f9.
[I 2025-12-24 19:04:42.102 ServerApp] Creating new notebook in 
[I 2025-12-24 19:04:42.882 ServerApp] Connecting to kernel 9dffbe38-4840-4385-91b3-c5470dbee81a.
[I 2025-12-24 19:04:42.895 ServerApp] Connecting to kernel ed1effd4-7b52-420e-b98f-c258f55ce3f9.
[I 2025-12-24 19:04:45.525 ServerApp] Kernel started: f4e1c1f7-4ef0-4dae-995d-2b58e939ea90
[I 2025-12-24 19:04:45.923 ServerApp] Connecting to kernel f4e1c1f7-4ef0-4dae-995d-2b58e939ea90.
[I 2025-12-24 19:06:13.157 ServerApp] Saving file at /sweetviz.ipynb
[I 2025-12-24 19:06:43.258 ServerApp] Saving file at /Untitled.ipynb
[I 2025-12-24 19:19:16.583 ServerApp] Connecting to kernel 9dffbe38-4840-4385-91b3-c5470dbee81a.
[I 2025-12-24 19:19:16.598 ServerApp] Connecting to kernel ed1effd4-7b52-420e-b98f-c258f55ce3f9.
[I 2025-12-24 19:19:16.614 ServerApp] Connecting to kernel f4e1c1f7-4ef0-4dae-995d-2b58e939ea90.
[I 2025-12-24 19:20:13.166 ServerApp] Connecting to kernel f4e1c1f7-4ef0-4dae-995d-2b58e939ea90.
[I 2025-12-24 19:22:21.181 ServerApp] Saving file at /chapter1.ipynb
[I 2025-12-24 19:28:22.150 ServerApp] Saving file at /chapter1.ipynb
[I 2025-12-24 19:30:22.196 ServerApp] Saving file at /chapter1.ipynb
[I 2025-12-24 19:31:43.303 ServerApp] Saving file at /chapter1.ipynb
[I 2025-12-24 19:33:01.262 ServerApp] Saving file at /chapter1.ipynb
[I 2025-12-24 19:34:21.446 ServerApp] Saving file at /chapter1.ipynb
[I 2025-12-24 19:35:43.799 ServerApp] Saving file at /chapter1.ipynb
[I 2025-12-24 19:37:43.861 ServerApp] Saving file at /chapter1.ipynb
[I 2025-12-24 19:37:58.315 ServerApp] Saving file at /chapter1.ipynb
[I 2025-12-24 19:40:33.944 ServerApp] Starting buffering for 9dffbe38-4840-4385-91b3-c5470dbee81a:51925d24-ad86-441f-a4e8-d8e30a17f94f
[I 2025-12-24 19:40:39.208 ServerApp] Connecting to kernel 9dffbe38-4840-4385-91b3-c5470dbee81a.
[I 2025-12-24 19:40:39.223 ServerApp] Connecting to kernel ed1effd4-7b52-420e-b98f-c258f55ce3f9.
[I 2025-12-24 19:40:39.244 ServerApp] Connecting to kernel f4e1c1f7-4ef0-4dae-995d-2b58e939ea90.
[I 2025-12-24 19:40:39.560 ServerApp] Starting buffering for 9dffbe38-4840-4385-91b3-c5470dbee81a:161ced57-d7b9-42d3-8647-d6bec9ae2b0c
[I 2025-12-24 19:40:39.947 ServerApp] Connecting to kernel 9dffbe38-4840-4385-91b3-c5470dbee81a.
[I 2025-12-24 19:42:26.429 ServerApp] Saving file at /chapter1.ipynb
[I 2025-12-24 19:44:26.489 ServerApp] Saving file at /chapter1.ipynb
[I 2025-12-24 19:45:42.552 ServerApp] Kernel interrupted: 9dffbe38-4840-4385-91b3-c5470dbee81a
[I 2025-12-24 19:46:27.161 ServerApp] Saving file at /chapter1.ipynb
[I 2025-12-24 19:48:05.395 ServerApp] Saving file at /chapter1.ipynb
[I 2025-12-24 19:55:26.993 ServerApp] Saving file at /chapter1.ipynb
[I 2025-12-24 19:57:56.950 ServerApp] Starting buffering for 9dffbe38-4840-4385-91b3-c5470dbee81a:ec1cd34a-62e1-4978-9fe2-a50080b68d46
[I 2025-12-24 19:57:57.579 ServerApp] Starting buffering for f4e1c1f7-4ef0-4dae-995d-2b58e939ea90:25bfe566-7a14-4412-a6ef-06909e9c4235
[I 2025-12-24 19:57:58.329 ServerApp] Starting buffering for ed1effd4-7b52-420e-b98f-c258f55ce3f9:60f735d7-9f0c-4fa7-b11c-9453acef7ae7
[I 2025-12-24 19:58:06.065 ServerApp] Connecting to kernel 9dffbe38-4840-4385-91b3-c5470dbee81a.
[I 2025-12-24 19:58:06.080 ServerApp] Connecting to kernel ed1effd4-7b52-420e-b98f-c258f55ce3f9.
[I 2025-12-24 19:58:06.098 ServerApp] Connecting to kernel f4e1c1f7-4ef0-4dae-995d-2b58e939ea90.
[I 2025-12-24 19:58:06.246 ServerApp] Starting buffering for 9dffbe38-4840-4385-91b3-c5470dbee81a:a8660beb-e3dc-4ecb-9919-0bcd1d8ba01b
[I 2025-12-24 19:58:06.247 ServerApp] Starting buffering for ed1effd4-7b52-420e-b98f-c258f55ce3f9:67a21e60-bffa-4759-b7e1-bcd1bb01c525
[I 2025-12-24 19:58:06.247 ServerApp] Starting buffering for f4e1c1f7-4ef0-4dae-995d-2b58e939ea90:f6bc0f5a-70b0-476d-bbc7-52ed776e0cbf
[I 2025-12-24 19:58:14.087 ServerApp] Connecting to kernel 9dffbe38-4840-4385-91b3-c5470dbee81a.
[I 2025-12-24 19:58:14.109 ServerApp] Connecting to kernel ed1effd4-7b52-420e-b98f-c258f55ce3f9.
[I 2025-12-24 19:58:14.124 ServerApp] Connecting to kernel f4e1c1f7-4ef0-4dae-995d-2b58e939ea90.
[I 2025-12-24 19:58:14.413 ServerApp] Starting buffering for f4e1c1f7-4ef0-4dae-995d-2b58e939ea90:fedeb71e-0864-4907-975f-7b11d3154059
[I 2025-12-24 19:58:14.415 ServerApp] Starting buffering for 9dffbe38-4840-4385-91b3-c5470dbee81a:145fd10a-171b-4ae2-a320-6633191dd2cf
[I 2025-12-24 19:58:14.416 ServerApp] Starting buffering for ed1effd4-7b52-420e-b98f-c258f55ce3f9:7d680791-b7ed-4796-8dd2-124dbf9adcec
[I 2025-12-24 19:58:14.553 ServerApp] Kernel started: 8e27d0cd-1a70-4a0d-89a4-e3357ee830bc
[I 2025-12-24 19:58:15.078 ServerApp] Connecting to kernel 8e27d0cd-1a70-4a0d-89a4-e3357ee830bc.
[I 2025-12-24 19:58:16.947 ServerApp] Connecting to kernel 9dffbe38-4840-4385-91b3-c5470dbee81a.
[I 2025-12-24 19:58:16.962 ServerApp] Connecting to kernel ed1effd4-7b52-420e-b98f-c258f55ce3f9.
[I 2025-12-24 19:58:16.974 ServerApp] Connecting to kernel f4e1c1f7-4ef0-4dae-995d-2b58e939ea90.
[I 2025-12-24 19:58:16.988 ServerApp] Connecting to kernel 8e27d0cd-1a70-4a0d-89a4-e3357ee830bc.
[I 2025-12-24 19:58:17.206 ServerApp] Starting buffering for ed1effd4-7b52-420e-b98f-c258f55ce3f9:32b9c332-9798-4419-b1bc-81d43d31d43d
[I 2025-12-24 19:58:17.223 ServerApp] Starting buffering for f4e1c1f7-4ef0-4dae-995d-2b58e939ea90:6fb28db3-92da-4b34-8d04-372ff138e9cb
[I 2025-12-24 19:58:17.224 ServerApp] Starting buffering for 9dffbe38-4840-4385-91b3-c5470dbee81a:b0b5191c-a60a-4379-8aa0-c0d7eeb461d3
[I 2025-12-24 19:58:17.356 ServerApp] Kernel started: 802350d1-b431-4f36-bd1f-831ebb377005
[I 2025-12-24 19:58:17.801 ServerApp] Connecting to kernel 802350d1-b431-4f36-bd1f-831ebb377005.
[I 2025-12-24 19:58:58.762 ServerApp] Starting buffering for 802350d1-b431-4f36-bd1f-831ebb377005:0b80a861-252d-4b2d-9eb3-7b445c4de04b
[W 2025-12-24 19:59:00.142 ServerApp] 404 GET /api/contents/chapter1?content=1&hash=0&1766624340138 (aa34bcd7476c423c8e68c5c14c1ab913@::1) 1.44ms referer=http://localhost:8888/tree/chapter1
[W 2025-12-24 19:59:00.143 ServerApp] 404 GET /api/contents/chapter1?content=1&hash=0&1766624340138 (::1): No such file or directory: chapter1
[I 2025-12-24 19:59:00.207 ServerApp] Starting buffering for 8e27d0cd-1a70-4a0d-89a4-e3357ee830bc:d8cb8f44-5da7-430d-aa78-137e3a1ec386
[I 2025-12-24 19:59:15.064 ServerApp] Connecting to kernel 9dffbe38-4840-4385-91b3-c5470dbee81a.
[I 2025-12-24 19:59:15.080 ServerApp] Connecting to kernel ed1effd4-7b52-420e-b98f-c258f55ce3f9.
[I 2025-12-24 19:59:15.092 ServerApp] Connecting to kernel f4e1c1f7-4ef0-4dae-995d-2b58e939ea90.
[I 2025-12-24 19:59:15.107 ServerApp] Connecting to kernel 8e27d0cd-1a70-4a0d-89a4-e3357ee830bc.
[I 2025-12-24 19:59:15.121 ServerApp] Connecting to kernel 802350d1-b431-4f36-bd1f-831ebb377005.
[I 2025-12-24 19:59:15.356 ServerApp] Starting buffering for 9dffbe38-4840-4385-91b3-c5470dbee81a:23dda19e-31d6-4d66-b177-6bb4df658e2e
[I 2025-12-24 19:59:15.363 ServerApp] Starting buffering for ed1effd4-7b52-420e-b98f-c258f55ce3f9:494beced-74f3-403b-b327-c8c780e45e5f
[I 2025-12-24 19:59:15.363 ServerApp] Starting buffering for f4e1c1f7-4ef0-4dae-995d-2b58e939ea90:a96e53bd-1086-4e8f-80c3-db16570caa12
[I 2025-12-24 19:59:15.364 ServerApp] Starting buffering for 8e27d0cd-1a70-4a0d-89a4-e3357ee830bc:ef858ad9-3117-4630-8c02-12316fd8bd4a
[I 2025-12-24 19:59:15.364 ServerApp] Starting buffering for 802350d1-b431-4f36-bd1f-831ebb377005:7fbc8779-1960-46e5-b6c4-a0d5d790cfdf
[I 2025-12-24 19:59:15.869 ServerApp] Kernel started: 767ac83c-fede-493f-bf9d-83e60606a704
CONDA_PREFIX=/mnt/optdata/anaconda3/envs/eda_env
[E 2025-12-24 19:59:17.163 ServerApp] Uncaught exception GET /api/kernels/767ac83c-fede-493f-bf9d-83e60606a704/channels?session_id=ddc6771b-6c6a-4947-801f-20ac9c9b99e1 (::1)
    HTTPServerRequest(protocol='http', host='localhost:8888', method='GET', uri='/api/kernels/767ac83c-fede-493f-bf9d-83e60606a704/channels?session_id=ddc6771b-6c6a-4947-801f-20ac9c9b99e1', version='HTTP/1.1', remote_ip='::1')
    Traceback (most recent call last):
      File "/mnt/optdata/anaconda3/lib/python3.13/site-packages/tornado/web.py", line 1859, in _execute
        result = await result
                 ^^^^^^^^^^^^
      File "/mnt/optdata/anaconda3/lib/python3.13/site-packages/jupyter_server/services/kernels/websocket.py", line 66, in get
        await super().get(kernel_id=kernel_id)
      File "/mnt/optdata/anaconda3/lib/python3.13/site-packages/tornado/websocket.py", line 277, in get
        await self.ws_connection.accept_connection(self)
      File "/mnt/optdata/anaconda3/lib/python3.13/site-packages/tornado/websocket.py", line 890, in accept_connection
        await self._accept_connection(handler)
      File "/mnt/optdata/anaconda3/lib/python3.13/site-packages/tornado/websocket.py", line 930, in _accept_connection
        self.selected_subprotocol = handler.select_subprotocol(subprotocols)
                                    ~~~~~~~~~~~~~~~~~~~~~~~~~~^^^^^^^^^^^^^^
      File "/mnt/optdata/anaconda3/lib/python3.13/site-packages/jupyter_server/services/kernels/websocket.py", line 88, in select_subprotocol
        preferred_protocol = self.connection.kernel_ws_protocol
                             ^^^^^^^^^^^^^^^^^^^^^^^^^^^^^^^^^^
    AttributeError: 'NoneType' object has no attribute 'kernel_ws_protocol'
[E 2025-12-24 19:59:17.241 ServerApp] {
      "Host": "localhost:8888",
      "User-Agent": "Mozilla/5.0 (X11; Linux x86_64) AppleWebKit/537.36 (KHTML, like Gecko) Chrome/143.0.0.0 Safari/537.36"
    }
[E 2025-12-24 19:59:17.241 ServerApp] 500 GET /api/kernels/767ac83c-fede-493f-bf9d-83e60606a704/channels?session_id=ddc6771b-6c6a-4947-801f-20ac9c9b99e1 (aa34bcd7476c423c8e68c5c14c1ab913@::1) 1360.62ms referer=None
[I 2025-12-24 20:00:42.312 ServerApp] Connecting to kernel 9dffbe38-4840-4385-91b3-c5470dbee81a.
[I 2025-12-24 20:00:42.326 ServerApp] Connecting to kernel ed1effd4-7b52-420e-b98f-c258f55ce3f9.
[I 2025-12-24 20:00:42.339 ServerApp] Connecting to kernel f4e1c1f7-4ef0-4dae-995d-2b58e939ea90.
[I 2025-12-24 20:00:42.354 ServerApp] Connecting to kernel 8e27d0cd-1a70-4a0d-89a4-e3357ee830bc.
[I 2025-12-24 20:00:42.367 ServerApp] Connecting to kernel 802350d1-b431-4f36-bd1f-831ebb377005.
[I 2025-12-24 20:00:42.379 ServerApp] Connecting to kernel 767ac83c-fede-493f-bf9d-83e60606a704.
[I 2025-12-24 20:00:42.658 ServerApp] Starting buffering for 9dffbe38-4840-4385-91b3-c5470dbee81a:0fbccd04-4b9a-4ebb-bb16-6771c79abcab
[I 2025-12-24 20:00:42.660 ServerApp] Starting buffering for ed1effd4-7b52-420e-b98f-c258f55ce3f9:c66b6ecf-45e4-4e39-8de8-020d3ac09b6b
[I 2025-12-24 20:00:42.661 ServerApp] Starting buffering for f4e1c1f7-4ef0-4dae-995d-2b58e939ea90:0c551e19-b746-4aa3-b500-7738b592d6ca
[I 2025-12-24 20:00:42.662 ServerApp] Starting buffering for 8e27d0cd-1a70-4a0d-89a4-e3357ee830bc:11d2a716-7c80-4575-a9e5-27f082a6d906
[I 2025-12-24 20:00:42.663 ServerApp] Starting buffering for 802350d1-b431-4f36-bd1f-831ebb377005:d39a7ea5-2a0e-434f-8274-c94262832e90
[I 2025-12-24 20:00:42.724 ServerApp] Kernel started: 3de161ef-bfad-4baf-b82a-8e9491c847bd
[I 2025-12-24 20:00:43.245 ServerApp] Connecting to kernel 3de161ef-bfad-4baf-b82a-8e9491c847bd.
[I 2025-12-24 20:00:44.688 ServerApp] Connecting to kernel 9dffbe38-4840-4385-91b3-c5470dbee81a.
[I 2025-12-24 20:00:44.710 ServerApp] Connecting to kernel ed1effd4-7b52-420e-b98f-c258f55ce3f9.
[I 2025-12-24 20:00:44.725 ServerApp] Connecting to kernel f4e1c1f7-4ef0-4dae-995d-2b58e939ea90.
[I 2025-12-24 20:00:44.738 ServerApp] Connecting to kernel 8e27d0cd-1a70-4a0d-89a4-e3357ee830bc.
[I 2025-12-24 20:00:44.754 ServerApp] Connecting to kernel 802350d1-b431-4f36-bd1f-831ebb377005.
[I 2025-12-24 20:00:44.768 ServerApp] Connecting to kernel 767ac83c-fede-493f-bf9d-83e60606a704.
[I 2025-12-24 20:00:44.782 ServerApp] Connecting to kernel 3de161ef-bfad-4baf-b82a-8e9491c847bd.
[I 2025-12-24 20:00:45.012 ServerApp] Starting buffering for 9dffbe38-4840-4385-91b3-c5470dbee81a:ca87bb10-c411-4b81-a7c6-a80dd593a04a
[I 2025-12-24 20:00:45.013 ServerApp] Starting buffering for 802350d1-b431-4f36-bd1f-831ebb377005:1fa709aa-f4b4-4284-8634-80af697d796f
[I 2025-12-24 20:00:45.015 ServerApp] Starting buffering for f4e1c1f7-4ef0-4dae-995d-2b58e939ea90:d98025f1-c246-4008-b77f-e6e584ef3ca5
[I 2025-12-24 20:00:45.015 ServerApp] Starting buffering for 8e27d0cd-1a70-4a0d-89a4-e3357ee830bc:d8967045-149d-4e9e-90c0-907e730b73ee
[I 2025-12-24 20:00:45.016 ServerApp] Starting buffering for ed1effd4-7b52-420e-b98f-c258f55ce3f9:eb01454b-f190-4c9f-8629-e1cabc9db5c6
[I 2025-12-24 20:00:45.172 ServerApp] Kernel started: ba2098e9-f1b0-4980-a89f-1fcb7ed511df
[I 2025-12-24 20:00:45.641 ServerApp] Connecting to kernel ba2098e9-f1b0-4980-a89f-1fcb7ed511df.
[I 2025-12-24 20:06:42.692 ServerApp] Saving file at /automatedEDA/sweetviz.ipynb
[I 2025-12-24 20:12:42.749 ServerApp] Saving file at /automatedEDA/sweetviz.ipynb
[I 2025-12-24 20:14:42.807 ServerApp] Saving file at /automatedEDA/sweetviz.ipynb
[I 2025-12-24 20:16:42.861 ServerApp] Saving file at /automatedEDA/sweetviz.ipynb
[I 2025-12-24 20:18:05.037 ServerApp] Saving file at /automatedEDA/sweetviz.ipynb
[I 2025-12-24 20:18:51.358 ServerApp] Saving file at /automatedEDA/sweetviz.ipynb
[I 2025-12-24 20:18:53.258 ServerApp] Starting buffering for 3de161ef-bfad-4baf-b82a-8e9491c847bd:1c3765e7-2442-4059-9256-b103cbef5ba0
[I 2025-12-24 20:18:55.264 ServerApp] Saving file at /automatedEDA/y-data.ipynb
[I 2025-12-24 20:22:55.325 ServerApp] Saving file at /automatedEDA/y-data.ipynb
[I 2025-12-24 20:23:58.128 ServerApp] Saving file at /automatedEDA/y-data.ipynb
[I 2025-12-24 20:29:58.252 ServerApp] Saving file at /automatedEDA/y-data.ipynb
[I 2025-12-24 20:30:13.132 ServerApp] Connecting to kernel 9dffbe38-4840-4385-91b3-c5470dbee81a.
[I 2025-12-24 20:30:13.153 ServerApp] Connecting to kernel ed1effd4-7b52-420e-b98f-c258f55ce3f9.
[I 2025-12-24 20:30:13.166 ServerApp] Connecting to kernel f4e1c1f7-4ef0-4dae-995d-2b58e939ea90.
[I 2025-12-24 20:30:13.180 ServerApp] Connecting to kernel 8e27d0cd-1a70-4a0d-89a4-e3357ee830bc.
[I 2025-12-24 20:30:13.193 ServerApp] Connecting to kernel 802350d1-b431-4f36-bd1f-831ebb377005.
[I 2025-12-24 20:30:13.206 ServerApp] Connecting to kernel 767ac83c-fede-493f-bf9d-83e60606a704.
[I 2025-12-24 20:30:13.224 ServerApp] Connecting to kernel ba2098e9-f1b0-4980-a89f-1fcb7ed511df.
[I 2025-12-24 20:30:13.252 ServerApp] Connecting to kernel 3de161ef-bfad-4baf-b82a-8e9491c847bd.
[I 2025-12-24 20:30:13.601 ServerApp] Starting buffering for 9dffbe38-4840-4385-91b3-c5470dbee81a:67900b4c-f38e-420a-b49d-ebb030a7ead9
[I 2025-12-24 20:30:13.603 ServerApp] Starting buffering for ed1effd4-7b52-420e-b98f-c258f55ce3f9:b4b20b72-0904-4944-a70c-40738cf91268
[I 2025-12-24 20:30:13.604 ServerApp] Starting buffering for f4e1c1f7-4ef0-4dae-995d-2b58e939ea90:0d329a68-261e-4caf-a859-0b6f414756cd
[I 2025-12-24 20:30:13.605 ServerApp] Starting buffering for 8e27d0cd-1a70-4a0d-89a4-e3357ee830bc:95d41962-ae1d-4466-8b87-444155c470dd
[I 2025-12-24 20:30:13.606 ServerApp] Starting buffering for 802350d1-b431-4f36-bd1f-831ebb377005:d46ddd0d-c7ef-4b10-83ff-588f4cf2db28
[I 2025-12-24 20:30:13.637 ServerApp] Starting buffering for 3de161ef-bfad-4baf-b82a-8e9491c847bd:38b692e8-c139-4d74-a39c-451157fc42f9
[I 2025-12-24 20:31:08.952 ServerApp] Saving file at /automatedEDA/y-data.ipynb
[I 2025-12-24 20:31:46.795 ServerApp] Starting buffering for ba2098e9-f1b0-4980-a89f-1fcb7ed511df:ac1cbb39-753c-43cc-abe8-fe46ef876a9a
[I 2025-12-24 20:32:01.241 ServerApp] Creating new notebook in /chap2
[I 2025-12-24 20:32:01.902 ServerApp] Connecting to kernel 9dffbe38-4840-4385-91b3-c5470dbee81a.
[I 2025-12-24 20:32:01.921 ServerApp] Connecting to kernel ed1effd4-7b52-420e-b98f-c258f55ce3f9.
[I 2025-12-24 20:32:01.938 ServerApp] Connecting to kernel f4e1c1f7-4ef0-4dae-995d-2b58e939ea90.
[I 2025-12-24 20:32:01.954 ServerApp] Connecting to kernel 8e27d0cd-1a70-4a0d-89a4-e3357ee830bc.
[I 2025-12-24 20:32:01.967 ServerApp] Connecting to kernel 802350d1-b431-4f36-bd1f-831ebb377005.
[I 2025-12-24 20:32:01.980 ServerApp] Connecting to kernel 767ac83c-fede-493f-bf9d-83e60606a704.
[I 2025-12-24 20:32:01.993 ServerApp] Connecting to kernel 3de161ef-bfad-4baf-b82a-8e9491c847bd.
[I 2025-12-24 20:32:02.005 ServerApp] Connecting to kernel ba2098e9-f1b0-4980-a89f-1fcb7ed511df.
[I 2025-12-24 20:32:02.197 ServerApp] Starting buffering for 8e27d0cd-1a70-4a0d-89a4-e3357ee830bc:bfd1c8a9-205d-44b1-8f5d-77f756c3ed24
[I 2025-12-24 20:32:02.197 ServerApp] Starting buffering for f4e1c1f7-4ef0-4dae-995d-2b58e939ea90:9267c343-d5b0-4816-b8f8-b6232dfb942c
[I 2025-12-24 20:32:02.203 ServerApp] Starting buffering for 9dffbe38-4840-4385-91b3-c5470dbee81a:2a35aed2-8b25-411b-a2a0-40f4c3650ab0
[I 2025-12-24 20:32:02.204 ServerApp] Starting buffering for ed1effd4-7b52-420e-b98f-c258f55ce3f9:e8eb9759-9e67-4a57-ba9c-b97e597ffc97
[I 2025-12-24 20:32:02.214 ServerApp] Starting buffering for 802350d1-b431-4f36-bd1f-831ebb377005:baa9f408-9daf-4b14-9009-235802d3e006
[I 2025-12-24 20:32:02.219 ServerApp] Starting buffering for ba2098e9-f1b0-4980-a89f-1fcb7ed511df:9b46eb5b-672d-49eb-8bf5-697f223247c7
[I 2025-12-24 20:32:02.221 ServerApp] Starting buffering for 3de161ef-bfad-4baf-b82a-8e9491c847bd:31133401-4b58-45bd-8a27-c4b3ae0c3d8f
[I 2025-12-24 20:32:04.225 ServerApp] Kernel started: 7d9aba4e-2c10-4bf1-a4bc-df42d3e4b76b
[I 2025-12-24 20:32:04.661 ServerApp] Connecting to kernel 7d9aba4e-2c10-4bf1-a4bc-df42d3e4b76b.
[W 2025-12-24 20:32:17.436 ServerApp] delete /chap2/deletelater
[I 2025-12-24 20:34:11.155 ServerApp] Saving file at /chap2/chap2.ipynb
[I 2025-12-24 20:39:50.212 ServerApp] Starting buffering for 7d9aba4e-2c10-4bf1-a4bc-df42d3e4b76b:abcb5f3a-6a1e-4ee1-b30f-a5c899b6b427
[I 2025-12-24 20:40:37.175 ServerApp] Connecting to kernel 9dffbe38-4840-4385-91b3-c5470dbee81a.
[I 2025-12-24 20:40:37.189 ServerApp] Connecting to kernel ed1effd4-7b52-420e-b98f-c258f55ce3f9.
[I 2025-12-24 20:40:37.202 ServerApp] Connecting to kernel f4e1c1f7-4ef0-4dae-995d-2b58e939ea90.
[I 2025-12-24 20:40:37.216 ServerApp] Connecting to kernel 8e27d0cd-1a70-4a0d-89a4-e3357ee830bc.
[I 2025-12-24 20:40:37.237 ServerApp] Connecting to kernel 802350d1-b431-4f36-bd1f-831ebb377005.
[I 2025-12-24 20:40:37.250 ServerApp] Connecting to kernel 767ac83c-fede-493f-bf9d-83e60606a704.
[I 2025-12-24 20:40:37.264 ServerApp] Connecting to kernel ba2098e9-f1b0-4980-a89f-1fcb7ed511df.
[I 2025-12-24 20:40:37.276 ServerApp] Connecting to kernel 3de161ef-bfad-4baf-b82a-8e9491c847bd.
[I 2025-12-24 20:40:37.290 ServerApp] Connecting to kernel 7d9aba4e-2c10-4bf1-a4bc-df42d3e4b76b.
[I 2025-12-24 20:40:37.517 ServerApp] Starting buffering for 9dffbe38-4840-4385-91b3-c5470dbee81a:99628db5-36c5-4e92-ad4c-a2f83c04dcfb
[I 2025-12-24 20:40:37.518 ServerApp] Starting buffering for ed1effd4-7b52-420e-b98f-c258f55ce3f9:b1ad677f-f705-495e-ae79-57ac2697dea2
[I 2025-12-24 20:40:37.519 ServerApp] Starting buffering for 8e27d0cd-1a70-4a0d-89a4-e3357ee830bc:19f76d23-8c35-4f1b-8911-0179d0d04a88
[I 2025-12-24 20:40:37.520 ServerApp] Starting buffering for ba2098e9-f1b0-4980-a89f-1fcb7ed511df:14075ed8-f2a7-4589-8016-d00dd75cdf13
[I 2025-12-24 20:40:37.521 ServerApp] Starting buffering for 3de161ef-bfad-4baf-b82a-8e9491c847bd:21eeece5-3ece-4ca9-983c-868c7946a07e
[I 2025-12-24 20:40:37.522 ServerApp] Starting buffering for 7d9aba4e-2c10-4bf1-a4bc-df42d3e4b76b:96e2d88d-fdd4-4ede-a859-370c8df2eb64
[I 2025-12-24 20:40:37.523 ServerApp] Starting buffering for 802350d1-b431-4f36-bd1f-831ebb377005:5bb2a861-e953-4441-b371-a55bfa50cda6
[I 2025-12-24 20:40:37.524 ServerApp] Starting buffering for f4e1c1f7-4ef0-4dae-995d-2b58e939ea90:b795c83d-756e-4734-9553-3968b0fdf08a
[I 2025-12-24 20:40:37.681 ServerApp] Kernel started: 37f32703-c289-435c-be66-2936f9ee1291
[I 2025-12-24 20:40:38.147 ServerApp] Connecting to kernel 37f32703-c289-435c-be66-2936f9ee1291.
[I 2025-12-24 20:41:20.741 ServerApp] Connecting to kernel 9dffbe38-4840-4385-91b3-c5470dbee81a.
[I 2025-12-24 20:41:20.755 ServerApp] Connecting to kernel ed1effd4-7b52-420e-b98f-c258f55ce3f9.
[I 2025-12-24 20:41:20.768 ServerApp] Connecting to kernel f4e1c1f7-4ef0-4dae-995d-2b58e939ea90.
[I 2025-12-24 20:41:20.781 ServerApp] Connecting to kernel 8e27d0cd-1a70-4a0d-89a4-e3357ee830bc.
[I 2025-12-24 20:41:20.797 ServerApp] Connecting to kernel 802350d1-b431-4f36-bd1f-831ebb377005.
[I 2025-12-24 20:41:20.810 ServerApp] Connecting to kernel 767ac83c-fede-493f-bf9d-83e60606a704.
[I 2025-12-24 20:41:20.822 ServerApp] Connecting to kernel 3de161ef-bfad-4baf-b82a-8e9491c847bd.
[I 2025-12-24 20:41:20.835 ServerApp] Connecting to kernel ba2098e9-f1b0-4980-a89f-1fcb7ed511df.
[I 2025-12-24 20:41:20.849 ServerApp] Connecting to kernel 7d9aba4e-2c10-4bf1-a4bc-df42d3e4b76b.
[I 2025-12-24 20:41:20.862 ServerApp] Connecting to kernel 37f32703-c289-435c-be66-2936f9ee1291.
[I 2025-12-24 20:41:21.019 ServerApp] Starting buffering for 9dffbe38-4840-4385-91b3-c5470dbee81a:21069533-a274-46fb-b591-1a5c5c0919e0
[I 2025-12-24 20:41:21.019 ServerApp] Starting buffering for ed1effd4-7b52-420e-b98f-c258f55ce3f9:b5ff9b17-52cf-4fef-bdc2-3c21d0f372e0
[I 2025-12-24 20:41:21.020 ServerApp] Starting buffering for f4e1c1f7-4ef0-4dae-995d-2b58e939ea90:9280ee57-18c1-4b38-84a1-5c6e796441a7
[I 2025-12-24 20:41:21.021 ServerApp] Starting buffering for 8e27d0cd-1a70-4a0d-89a4-e3357ee830bc:5cb9bd41-12ce-497e-abc7-658435781db0
[I 2025-12-24 20:41:21.022 ServerApp] Starting buffering for 802350d1-b431-4f36-bd1f-831ebb377005:8ffa36a6-0144-46af-80c2-aa679f246f77
[I 2025-12-24 20:41:21.027 ServerApp] Starting buffering for 3de161ef-bfad-4baf-b82a-8e9491c847bd:e7cabce5-d4d7-4dd2-9fce-9f36fc7cdee0
[I 2025-12-24 20:41:21.029 ServerApp] Starting buffering for ba2098e9-f1b0-4980-a89f-1fcb7ed511df:197ca2d2-dcd0-42b3-9020-2d34da63a6af
[I 2025-12-24 20:41:21.033 ServerApp] Starting buffering for 7d9aba4e-2c10-4bf1-a4bc-df42d3e4b76b:e83cc4e3-eb0d-4a47-97d7-39a861c8c8a2
[I 2025-12-24 20:41:21.424 ServerApp] Kernel started: ebd8ff38-f8a3-4bea-9649-8e952a27b803
CONDA_PREFIX=/mnt/optdata/anaconda3/envs/eda_env
[I 2025-12-24 20:41:22.584 ServerApp] Connecting to kernel ebd8ff38-f8a3-4bea-9649-8e952a27b803.
[W 2025-12-24 20:41:44.766 ServerApp] 404 GET /.well-known/appspecific/com.chrome.devtools.json (aa34bcd7476c423c8e68c5c14c1ab913@::1) 47.63ms referer=None
[I 2025-12-24 20:42:03.595 ServerApp] Saving file at /chap2_cleaning/chap2.ipynb
[I 2025-12-24 20:44:03.648 ServerApp] Saving file at /chap2_cleaning/chap2.ipynb
[I 2025-12-24 20:44:34.087 ServerApp] Saving file at /chap2_cleaning/chap2.ipynb
[I 2025-12-24 20:45:29.938 ServerApp] Saving file at /chap2_cleaning/chap2.ipynb
[I 2025-12-24 21:15:49.139 ServerApp] Starting buffering for ebd8ff38-f8a3-4bea-9649-8e952a27b803:02a3395e-5b1d-4be7-9450-36bb4586b440
[I 2025-12-24 21:15:49.140 ServerApp] Starting buffering for 37f32703-c289-435c-be66-2936f9ee1291:2445a0c3-e53b-4aa6-b6bd-f92cf5a2cfa3
[I 2025-12-24 21:15:49.149 ServerApp] Connecting to kernel ebd8ff38-f8a3-4bea-9649-8e952a27b803.
[I 2025-12-24 21:15:49.149 ServerApp] Restoring connection for ebd8ff38-f8a3-4bea-9649-8e952a27b803:02a3395e-5b1d-4be7-9450-36bb4586b440
[I 2025-12-24 21:15:49.164 ServerApp] Connecting to kernel 37f32703-c289-435c-be66-2936f9ee1291.
[I 2025-12-24 21:15:49.164 ServerApp] Restoring connection for 37f32703-c289-435c-be66-2936f9ee1291:2445a0c3-e53b-4aa6-b6bd-f92cf5a2cfa3
[I 2025-12-25 09:05:56.413 ServerApp] Connecting to kernel 9dffbe38-4840-4385-91b3-c5470dbee81a.
[I 2025-12-25 09:05:56.434 ServerApp] Connecting to kernel ed1effd4-7b52-420e-b98f-c258f55ce3f9.
[I 2025-12-25 09:05:56.454 ServerApp] Connecting to kernel f4e1c1f7-4ef0-4dae-995d-2b58e939ea90.
[I 2025-12-25 09:05:56.555 ServerApp] Connecting to kernel 8e27d0cd-1a70-4a0d-89a4-e3357ee830bc.
[I 2025-12-25 09:05:56.594 ServerApp] Starting buffering for 9dffbe38-4840-4385-91b3-c5470dbee81a:ecd92393-0895-4b0e-b0f1-57229bef6c53
[I 2025-12-25 09:05:56.598 ServerApp] Connecting to kernel 802350d1-b431-4f36-bd1f-831ebb377005.
[I 2025-12-25 09:05:56.604 ServerApp] Starting buffering for f4e1c1f7-4ef0-4dae-995d-2b58e939ea90:c3e5e347-63a5-4a20-8063-48c84c329086
[I 2025-12-25 09:05:56.611 ServerApp] Connecting to kernel 767ac83c-fede-493f-bf9d-83e60606a704.
[I 2025-12-25 09:05:56.612 ServerApp] Starting buffering for ed1effd4-7b52-420e-b98f-c258f55ce3f9:3f5502da-d787-4826-b090-17dce1c0ca52
[I 2025-12-25 09:05:56.624 ServerApp] Connecting to kernel 3de161ef-bfad-4baf-b82a-8e9491c847bd.
[I 2025-12-25 09:05:56.636 ServerApp] Connecting to kernel ba2098e9-f1b0-4980-a89f-1fcb7ed511df.
[I 2025-12-25 09:05:56.648 ServerApp] Connecting to kernel 7d9aba4e-2c10-4bf1-a4bc-df42d3e4b76b.
[I 2025-12-25 09:05:56.663 ServerApp] Connecting to kernel 37f32703-c289-435c-be66-2936f9ee1291.
[I 2025-12-25 09:05:56.675 ServerApp] Connecting to kernel ebd8ff38-f8a3-4bea-9649-8e952a27b803.
[I 2025-12-25 09:05:56.698 ServerApp] Starting buffering for 8e27d0cd-1a70-4a0d-89a4-e3357ee830bc:a121ede8-902b-4fe0-9811-cb1ff28d5e9b
[I 2025-12-25 09:05:56.710 ServerApp] Starting buffering for 3de161ef-bfad-4baf-b82a-8e9491c847bd:ab09a971-2d71-479a-bc49-e549af2b5111
[I 2025-12-25 09:05:56.765 ServerApp] Starting buffering for ba2098e9-f1b0-4980-a89f-1fcb7ed511df:545681b1-8dd0-490f-913b-a7aa85302297
[I 2025-12-25 09:05:56.765 ServerApp] Starting buffering for 7d9aba4e-2c10-4bf1-a4bc-df42d3e4b76b:515ddac7-b433-4bbf-9324-ea505ab09688
[I 2025-12-25 10:21:59.115 ServerApp] Saving file at /chap2_cleaning/chap2.ipynb
[I 2025-12-25 10:22:12.043 ServerApp] Saving file at /chap2_cleaning/chap2.ipynb
[I 2025-12-25 10:36:59.125 ServerApp] Saving file at /chap2_cleaning/chap2.ipynb
[I 2025-12-25 10:53:22.447 ServerApp] Saving file at /chap2_cleaning/chap2.ipynb
[I 2025-12-25 10:55:23.115 ServerApp] Saving file at /chap2_cleaning/chap2.ipynb
[I 2025-12-25 10:59:24.117 ServerApp] Saving file at /chap2_cleaning/chap2.ipynb
[I 2025-12-25 11:01:25.115 ServerApp] Saving file at /chap2_cleaning/chap2.ipynb
